<?xml version="1.0" encoding="UTF-8"?>
<!-- Generated by org.testng.reporters.JUnitReportReporter -->
<testsuite skipped="0" hostname="PAL-BLR-VINU" name="CloudAutomation.AssetMicroservices.EnrollCustomerAzure" tests="15" failures="2" timestamp="1 Jun 2020 07:34:14 GMT" time="36.193" errors="0">
  <testcase name="enrollCustomerAzure" time="0.754" classname="CloudAutomation.AssetMicroservices.EnrollCustomerAzure"/>
  <testcase name="enrollCustomerAzure" time="0.418" classname="CloudAutomation.AssetMicroservices.EnrollCustomerAzure"/>
  <testcase name="enrollCustomerAzure" time="0.497" classname="CloudAutomation.AssetMicroservices.EnrollCustomerAzure"/>
  <testcase name="enrollCustomerAzure" time="11.225" classname="CloudAutomation.AssetMicroservices.EnrollCustomerAzure"/>
  <testcase name="enrollCustomerAzure" time="0.100" classname="CloudAutomation.AssetMicroservices.EnrollCustomerAzure"/>
  <testcase name="enrollCustomerAzure" time="1.067" classname="CloudAutomation.AssetMicroservices.EnrollCustomerAzure"/>
  <testcase name="enrollCustomerAzure" time="0.466" classname="CloudAutomation.AssetMicroservices.EnrollCustomerAzure"/>
  <testcase name="enrollCustomerAzure" time="0.090" classname="CloudAutomation.AssetMicroservices.EnrollCustomerAzure">
    <failure type="java.lang.AssertionError" message="expected [500] but found [300]">
      <![CDATA[java.lang.AssertionError: expected [500] but found [300]
	at org.testng.Assert.fail(Assert.java:94)
	at org.testng.Assert.failNotEquals(Assert.java:513)
	at org.testng.Assert.assertEqualsImpl(Assert.java:135)
	at org.testng.Assert.assertEquals(Assert.java:116)
	at org.testng.Assert.assertEquals(Assert.java:190)
	at org.testng.Assert.assertEquals(Assert.java:200)
	at CloudAutomation.AssetMicroservices.EnrollCustomerAzure.enrollCustomerAzure(EnrollCustomerAzure.java:131)
	at sun.reflect.NativeMethodAccessorImpl.invoke0(Native Method)
	at sun.reflect.NativeMethodAccessorImpl.invoke(Unknown Source)
	at sun.reflect.DelegatingMethodAccessorImpl.invoke(Unknown Source)
	at java.lang.reflect.Method.invoke(Unknown Source)
	at org.testng.internal.MethodInvocationHelper.invokeMethod(MethodInvocationHelper.java:100)
	at org.testng.internal.Invoker.invokeMethod(Invoker.java:646)
	at org.testng.internal.Invoker.invokeTestMethod(Invoker.java:811)
	at org.testng.internal.Invoker.invokeTestMethods(Invoker.java:1137)
	at org.testng.internal.TestMethodWorker.invokeTestMethods(TestMethodWorker.java:129)
	at org.testng.internal.TestMethodWorker.run(TestMethodWorker.java:112)
	at org.testng.TestRunner.privateRun(TestRunner.java:753)
	at org.testng.TestRunner.run(TestRunner.java:607)
	at org.testng.SuiteRunner.runTest(SuiteRunner.java:368)
	at org.testng.SuiteRunner.runSequentially(SuiteRunner.java:363)
	at org.testng.SuiteRunner.privateRun(SuiteRunner.java:321)
	at org.testng.SuiteRunner.run(SuiteRunner.java:270)
	at org.testng.SuiteRunnerWorker.runSuite(SuiteRunnerWorker.java:52)
	at org.testng.SuiteRunnerWorker.run(SuiteRunnerWorker.java:86)
	at org.testng.TestNG.runSuitesSequentially(TestNG.java:1284)
	at org.testng.TestNG.runSuitesLocally(TestNG.java:1209)
	at org.testng.TestNG.runSuites(TestNG.java:1124)
	at org.testng.TestNG.run(TestNG.java:1096)
	at org.testng.remote.AbstractRemoteTestNG.run(AbstractRemoteTestNG.java:132)
	at org.testng.remote.RemoteTestNG.initAndRun(RemoteTestNG.java:236)
	at org.testng.remote.RemoteTestNG.main(RemoteTestNG.java:81)
]]>
    </failure>
  </testcase> <!-- enrollCustomerAzure -->
  <testcase name="enrollCustomerAzure" time="0.431" classname="CloudAutomation.AssetMicroservices.EnrollCustomerAzure">
    <failure type="java.lang.AssertionError" message="expected [300] but found [200]">
      <![CDATA[java.lang.AssertionError: expected [300] but found [200]
	at org.testng.Assert.fail(Assert.java:94)
	at org.testng.Assert.failNotEquals(Assert.java:513)
	at org.testng.Assert.assertEqualsImpl(Assert.java:135)
	at org.testng.Assert.assertEquals(Assert.java:116)
	at org.testng.Assert.assertEquals(Assert.java:190)
	at org.testng.Assert.assertEquals(Assert.java:200)
	at CloudAutomation.AssetMicroservices.EnrollCustomerAzure.invalidCredentials(EnrollCustomerAzure.java:197)
	at CloudAutomation.AssetMicroservices.EnrollCustomerAzure.enrollCustomerAzure(EnrollCustomerAzure.java:153)
	at sun.reflect.NativeMethodAccessorImpl.invoke0(Native Method)
	at sun.reflect.NativeMethodAccessorImpl.invoke(Unknown Source)
	at sun.reflect.DelegatingMethodAccessorImpl.invoke(Unknown Source)
	at java.lang.reflect.Method.invoke(Unknown Source)
	at org.testng.internal.MethodInvocationHelper.invokeMethod(MethodInvocationHelper.java:100)
	at org.testng.internal.Invoker.invokeMethod(Invoker.java:646)
	at org.testng.internal.Invoker.invokeTestMethod(Invoker.java:811)
	at org.testng.internal.Invoker.invokeTestMethods(Invoker.java:1137)
	at org.testng.internal.TestMethodWorker.invokeTestMethods(TestMethodWorker.java:129)
	at org.testng.internal.TestMethodWorker.run(TestMethodWorker.java:112)
	at org.testng.TestRunner.privateRun(TestRunner.java:753)
	at org.testng.TestRunner.run(TestRunner.java:607)
	at org.testng.SuiteRunner.runTest(SuiteRunner.java:368)
	at org.testng.SuiteRunner.runSequentially(SuiteRunner.java:363)
	at org.testng.SuiteRunner.privateRun(SuiteRunner.java:321)
	at org.testng.SuiteRunner.run(SuiteRunner.java:270)
	at org.testng.SuiteRunnerWorker.runSuite(SuiteRunnerWorker.java:52)
	at org.testng.SuiteRunnerWorker.run(SuiteRunnerWorker.java:86)
	at org.testng.TestNG.runSuitesSequentially(TestNG.java:1284)
	at org.testng.TestNG.runSuitesLocally(TestNG.java:1209)
	at org.testng.TestNG.runSuites(TestNG.java:1124)
	at org.testng.TestNG.run(TestNG.java:1096)
	at org.testng.remote.AbstractRemoteTestNG.run(AbstractRemoteTestNG.java:132)
	at org.testng.remote.RemoteTestNG.initAndRun(RemoteTestNG.java:236)
	at org.testng.remote.RemoteTestNG.main(RemoteTestNG.java:81)
]]>
    </failure>
  </testcase> <!-- enrollCustomerAzure -->
  <testcase name="enrollCustomerAzure" time="17.686" classname="CloudAutomation.AssetMicroservices.EnrollCustomerAzure"/>
  <testcase name="enrollCustomerAzure" time="0.880" classname="CloudAutomation.AssetMicroservices.EnrollCustomerAzure"/>
  <testcase name="enrollCustomerAzure" time="0.539" classname="CloudAutomation.AssetMicroservices.EnrollCustomerAzure"/>
  <testcase name="enrollCustomerAzure" time="1.018" classname="CloudAutomation.AssetMicroservices.EnrollCustomerAzure"/>
  <testcase name="enrollCustomerAzure" time="0.222" classname="CloudAutomation.AssetMicroservices.EnrollCustomerAzure"/>
  <testcase name="enrollCustomerAzure" time="0.800" classname="CloudAutomation.AssetMicroservices.EnrollCustomerAzure"/>
</testsuite> <!-- CloudAutomation.AssetMicroservices.EnrollCustomerAzure -->
